<?xml version="1.0" encoding="UTF-8"?>
<testng-results skipped="0" failed="0" total="1" passed="1">
  <reporter-output>
  </reporter-output>
  <suite name="Suite" duration-ms="11454" started-at="2016-09-26T21:37:04Z" finished-at="2016-09-26T21:37:15Z">
    <groups>
    </groups>
    <test name="Test" duration-ms="11454" started-at="2016-09-26T21:37:04Z" finished-at="2016-09-26T21:37:15Z">
      <class name="mavenP.Testi">
        <test-method status="PASS" signature="tests()[pri:0, instance:mavenP.Testi@4b9e13df]" name="tests" is-config="true" duration-ms="8119" started-at="2016-09-26T17:37:04Z" finished-at="2016-09-26T17:37:12Z">
          <reporter-output>
          </reporter-output>
        </test-method> <!-- tests -->
        <test-method status="PASS" signature="testam()[pri:0, instance:mavenP.Testi@4b9e13df]" name="testam" duration-ms="2632" started-at="2016-09-26T17:37:12Z" finished-at="2016-09-26T17:37:15Z">
          <reporter-output>
          </reporter-output>
        </test-method> <!-- testam -->
        <test-method status="PASS" signature="soit()[pri:0, instance:mavenP.Testi@4b9e13df]" name="soit" is-config="true" duration-ms="669" started-at="2016-09-26T17:37:15Z" finished-at="2016-09-26T17:37:15Z">
          <reporter-output>
          </reporter-output>
        </test-method> <!-- soit -->
      </class> <!-- mavenP.Testi -->
    </test> <!-- Test -->
  </suite> <!-- Suite -->
</testng-results>
