<?xml version="1.0" encoding="UTF-8"?>
<testng-results skipped="0" failed="0" total="1" passed="1">
  <reporter-output>
  </reporter-output>
  <suite name="Default suite" duration-ms="96675" started-at="2016-10-14T21:41:49Z" finished-at="2016-10-14T21:43:25Z">
    <groups>
    </groups>
    <test name="Default test" duration-ms="96675" started-at="2016-10-14T21:41:49Z" finished-at="2016-10-14T21:43:25Z">
      <class name="seleniumGrid.Grid2">
        <test-method status="PASS" signature="setup()[pri:0, instance:seleniumGrid.Grid2@3532ec19]" name="setup" is-config="true" duration-ms="3297" started-at="2016-10-14T17:41:49Z" finished-at="2016-10-14T17:41:52Z">
          <reporter-output>
          </reporter-output>
        </test-method> <!-- setup -->
        <test-method status="PASS" signature="runall()[pri:0, instance:seleniumGrid.Grid2@3532ec19]" name="runall" duration-ms="93283" started-at="2016-10-14T17:41:52Z" finished-at="2016-10-14T17:43:25Z">
          <reporter-output>
          </reporter-output>
        </test-method> <!-- runall -->
        <test-method status="PASS" signature="CloseTime()[pri:0, instance:seleniumGrid.Grid2@3532ec19]" name="CloseTime" is-config="true" duration-ms="80" started-at="2016-10-14T17:43:25Z" finished-at="2016-10-14T17:43:25Z">
          <reporter-output>
          </reporter-output>
        </test-method> <!-- CloseTime -->
      </class> <!-- seleniumGrid.Grid2 -->
    </test> <!-- Default test -->
  </suite> <!-- Default suite -->
</testng-results>
