<?xml version="1.0" encoding="UTF-8"?>
<testng-results skipped="0" failed="0" total="1" passed="1">
  <reporter-output>
  </reporter-output>
  <suite name="Suite" duration-ms="11110" started-at="2016-09-26T21:49:12Z" finished-at="2016-09-26T21:49:23Z">
    <groups>
    </groups>
    <test name="Test" duration-ms="11110" started-at="2016-09-26T21:49:12Z" finished-at="2016-09-26T21:49:23Z">
      <class name="mavenP.Testi">
        <test-method status="PASS" signature="tests()[pri:0, instance:mavenP.Testi@2d554825]" name="tests" is-config="true" duration-ms="7543" started-at="2016-09-26T17:49:12Z" finished-at="2016-09-26T17:49:20Z">
          <reporter-output>
          </reporter-output>
        </test-method> <!-- tests -->
        <test-method status="PASS" signature="testam()[pri:0, instance:mavenP.Testi@2d554825]" name="testam" duration-ms="3471" started-at="2016-09-26T17:49:20Z" finished-at="2016-09-26T17:49:23Z">
          <reporter-output>
          </reporter-output>
        </test-method> <!-- testam -->
        <test-method status="PASS" signature="soit()[pri:0, instance:mavenP.Testi@2d554825]" name="soit" is-config="true" duration-ms="80" started-at="2016-09-26T17:49:23Z" finished-at="2016-09-26T17:49:23Z">
          <reporter-output>
          </reporter-output>
        </test-method> <!-- soit -->
      </class> <!-- mavenP.Testi -->
    </test> <!-- Test -->
  </suite> <!-- Suite -->
</testng-results>
